********************************************************************************
DUPLICATOR-LITE PACKAGE-LOG: 25 de December de 2019 17:14
NOTICE: Do NOT post to public sites or forums 
********************************************************************************
VERSION:	1.3.24
WORDPRESS:	5.3.2
PHP INFO:	7.1.8 | SAPI: apache2handler
SERVER:		Apache/2.4.27 (Win32) OpenSSL/1.0.2l PHP/7.1.8 
PHP TIME LIMIT: (0) no time limit imposed 
PHP MAX MEMORY: 4294967296 (128M default) 
MEMORY STACK: 4MB

********************************************************************************
DATABASE:
********************************************************************************
BUILD MODE:   MYSQLDUMP
MYSQLTIMEOUT: 5000
MYSQLDUMP:    Is Supported
SQL CREATED: moustache_c3ad72baf2cb42687769_20191225171257_database.sql
SQL FILE SIZE: 2.26MB (2365121)
SQL FILE TIME: 2019-12-25 17:14:54
SQL RUNTIME: 8.47 sec.

********************************************************************************
ARCHIVE (ZIP):
********************************************************************************
ARCHIVE DIR:  C:/xampp2/htdocs/moustache
ARCHIVE FILE: moustache_c3ad72baf2cb42687769_20191225171257_archive.zip
FILTERS: *OFF*
DIRS:
	not set
FILES:
	not set
EXTS:  not set
----------------------------------------
COMPRESSING
SIZE:	0B
STATS:	Dirs 0 | Files 0
SQL ADDED: moustache_c3ad72baf2cb42687769_20191225171257_database.sql
ZipArchive Object
(
    [status] => 0
    [statusSys] => 0
    [numFiles] => 1
    [filename] => C:\xampp2\htdocs\moustache\wp-snapshots\tmp\moustache_c3ad72baf2cb42687769_20191225171257_archive.zip
    [comment] => 
)

FILE ADDED TO ZIP: 0
COMPRESSION RESULT: '1'
COMPRESSED SIZE: 242.67KB
ARCHIVE RUNTIME: 0.32 sec.
MEMORY STACK: 4MB
building installer
add_extra_files1
add_extra_files2
add_extra_files3
add_extra_files4
Doing archive file check
add_extra_files5
add_extra_files6
add_extra_files8
Successfully opened zip C:/xampp2/htdocs/moustache/wp-snapshots/tmp/moustache_c3ad72baf2cb42687769_20191225171257_archive.zip
Adding enhanced installer files to archive using ZipArchive
Installer files added to archive
Added to archive
After ziparchive close when adding installer

********************************************************************************
INTEGRITY CHECKS:
********************************************************************************
SQL FILE: 2.26MB
INSTALLER FILE: 60.52KB
ARCHIVE FILE: 1.54MB 
EXPECTED FILE/DIRECTORY COUNT: 0
ACTUAL FILE/DIRECTORY COUNT: 0
ARCHIVE CONSISTENCY TEST: Pass

********************************************************************************
RECORD ID:[2]
TOTAL PROCESS RUNTIME: 10.38 sec.
PEAK PHP MEMORY USED: 6MB
DONE PROCESSING => moustache 25 de December de 2019 17:14

